<?xml version="1.0" encoding="UTF-8"?>
<!-- Generated by org.testng.reporters.JUnitReportReporter -->
<testsuite hostname="DESKTOP-EFLV044" failures="0" tests="3" name="com.blazedemo.testscript.NewClass" time="56.516" errors="0" timestamp="7 Jun 2023 15:41:55 GMT">
  <testcase classname="com.blazedemo.testscript.NewClass" name="testNewClass" time="18.401"/>
  <testcase classname="com.blazedemo.testscript.NewClass" name="testNewClass" time="19.512"/>
  <testcase classname="com.blazedemo.testscript.NewClass" name="testNewClass" time="18.603"/>
</testsuite> <!-- com.blazedemo.testscript.NewClass -->
