<?xml version="1.0" encoding="UTF-8"?>
<!-- Generated by org.testng.reporters.JUnitReportReporter -->
<testsuite hostname="DESKTOP-EFLV044" failures="0" tests="1" name="com.blazedemo.testscript.PurchaseFilghtModule" time="18.888" errors="0" timestamp="2023-06-06T12:16:53 IST" skipped="0">
  <testcase classname="com.blazedemo.testscript.PurchaseFilghtModule" name="testCreatePurchaseFlight" time="18.888"/>
  <system-out/>
</testsuite> <!-- com.blazedemo.testscript.PurchaseFilghtModule -->
