<?xml version="1.0" encoding="UTF-8"?>
<!-- Generated by org.testng.reporters.JUnitReportReporter -->
<testsuite hostname="DESKTOP-EFLV044" failures="0" tests="1" name="com.blazedemo.testscript.NewClass" time="15.656" errors="0" timestamp="2023-06-06T23:38:21 IST" skipped="0">
  <testcase classname="com.blazedemo.testscript.NewClass" name="testNewClass" time="15.656"/>
  <system-out>
    <![CDATA[1686074902583]]>
  </system-out>
</testsuite> <!-- com.blazedemo.testscript.NewClass -->
