<?xml version="1.0" encoding="UTF-8"?>
<!-- Generated by org.testng.reporters.JUnitReportReporter -->
<testsuite hostname="DESKTOP-EFLV044" failures="0" tests="1" name="com.blazedemo.testscript.NewClass" time="16.781" errors="0" timestamp="7 Jun 2023 14:39:38 GMT">
  <testcase classname="com.blazedemo.testscript.NewClass" name="testNewClass" time="16.781"/>
</testsuite> <!-- com.blazedemo.testscript.NewClass -->
